\BOOKMARK [0][]{section*.2}{\376\377\144\130\000\040\000\040\000\040\000\040\211\201}{}% 1
\BOOKMARK [0][]{section*.6}{\376\377\000A\000B\000S\000T\000R\000A\000C\000T}{}% 2
\BOOKMARK [0][]{mulu.0}{\376\377\166\356\000\040\000\040\000\040\000\040\137\125}{}% 3
\BOOKMARK [0][]{econtent.0}{\376\377\000C\000o\000n\000t\000e\000n\000t\000s}{}% 4
\BOOKMARK [0][]{section*.11}{\376\377\0001\000\040\000\040\176\352\213\272}{}% 5
\BOOKMARK [1][]{section*.13}{\376\377\0001\000.\0001\000\040\170\024\172\166\200\314\146\157\123\312\141\017\116\111}{section*.11}% 6
\BOOKMARK [1][]{section*.15}{\376\377\0001\000.\0002\000\040\126\375\121\205\131\026\170\024\172\166\163\260\162\266}{section*.11}% 7
\BOOKMARK [2][]{section*.17}{\376\377\0001\000.\0002\000.\0001\000\040\123\125\121\163\225\056\213\315\144\034\175\042}{section*.15}% 8
\BOOKMARK [2][]{section*.19}{\376\377\0001\000.\0002\000.\0002\000\040\131\032\152\041\137\017\144\034\175\042}{section*.15}% 9
\BOOKMARK [1][]{section*.21}{\376\377\0001\000.\0003\000\040\140\016\150\067\165\050\000\040\000L\000a\000T\000e\000X}{section*.11}% 10
\BOOKMARK [1][]{section*.23}{\376\377\0001\000.\0004\000\040\133\236\226\105\146\076\171\072\121\205\133\271}{section*.11}% 11
\BOOKMARK [0][]{section*.25}{\376\377\0002\000\040\000\040\126\376\210\150\121\154\137\017\143\222\162\110}{}% 12
\BOOKMARK [1][]{section*.27}{\376\377\0002\000.\0001\000\040\126\376}{section*.25}% 13
\BOOKMARK [2][]{section*.29}{\376\377\0002\000.\0001\000.\0001\000\040\123\125\136\105\126\376}{section*.27}% 14
\BOOKMARK [2][]{section*.32}{\376\377\0002\000.\0001\000.\0002\000\040\131\032\136\105\126\376}{section*.27}% 15
\BOOKMARK [1][]{section*.37}{\376\377\0002\000.\0002\000\040\210\150}{section*.25}% 16
\BOOKMARK [1][]{section*.40}{\376\377\0002\000.\0003\000\040\121\154\137\017}{section*.25}% 17
\BOOKMARK [2][]{section*.42}{\376\377\0002\000.\0003\000.\0001\000\040\123\125\116\052\121\154\137\017}{section*.40}% 18
\BOOKMARK [2][]{section*.44}{\376\377\0002\000.\0003\000.\0002\000\040\131\032\116\052\121\154\137\017}{section*.40}% 19
\BOOKMARK [0][]{section*.46}{\376\377\0003\000\040\000\040\123\302\200\003\145\207\163\056\150\074\137\017}{}% 20
\BOOKMARK [0][]{section*.49}{\376\377\201\364\000\040\214\042}{}% 21
\BOOKMARK [0][]{section*.52}{\376\377\123\302\200\003\145\207\163\056}{}% 22
\BOOKMARK [0][]{section*.56}{\376\377\226\104\137\125\000A\000\040\000\040\121\154\137\017\133\232\164\006\213\301\146\016}{}% 23
\BOOKMARK [0][]{section*.63}{\376\377\226\104\137\125\000B\000\040\000\040\173\227\154\325\116\016\116\343\170\001}{}% 24
\BOOKMARK [1][]{section*.65}{\376\377\000B\000.\0001\000\040\173\227\154\325}{section*.63}% 25
\BOOKMARK [1][]{section*.68}{\376\377\000B\000.\0002\000\040\116\343\170\001}{section*.63}% 26
\BOOKMARK [0][]{section*.72}{\376\377\145\073\213\373\133\146\117\115\147\037\225\364\123\326\137\227\166\204\170\024\172\166\142\020\147\234}{}% 27
\BOOKMARK [0][]{section*.76}{\376\377\173\124\217\251\131\324\124\130\117\032\117\032\213\256\121\263\213\256}{}% 28
\BOOKMARK [0][]{section*.80}{\376\377\136\070\211\304\213\304\226\005\116\272\124\015\123\125}{}% 29
